2022/05/07 16:59:07 [emerg] 1#1: "server" directive is not allowed here in /etc/nginx/nginx.conf:1
2022/05/07 16:59:07 [emerg] 1#1: "server" directive is not allowed here in /etc/nginx/nginx.conf:1
2022/05/07 16:59:08 [emerg] 1#1: "server" directive is not allowed here in /etc/nginx/nginx.conf:1
2022/05/07 16:59:08 [emerg] 1#1: "server" directive is not allowed here in /etc/nginx/nginx.conf:1
2022/05/07 16:59:09 [emerg] 1#1: "server" directive is not allowed here in /etc/nginx/nginx.conf:1
2022/05/07 16:59:11 [emerg] 1#1: "server" directive is not allowed here in /etc/nginx/nginx.conf:1
2022/05/07 16:59:15 [emerg] 1#1: "server" directive is not allowed here in /etc/nginx/nginx.conf:1
2022/05/07 16:59:21 [emerg] 1#1: "server" directive is not allowed here in /etc/nginx/nginx.conf:1
2022/05/07 16:59:34 [emerg] 1#1: "server" directive is not allowed here in /etc/nginx/nginx.conf:1
2022/05/07 16:59:57 [emerg] 1#1: "server" directive is not allowed here in /etc/nginx/nginx.conf:1
2022/05/07 16:59:57 [emerg] 1#1: "server" directive is not allowed here in /etc/nginx/nginx.conf:1
2022/05/07 16:59:58 [emerg] 1#1: "server" directive is not allowed here in /etc/nginx/nginx.conf:1
2022/05/07 16:59:58 [emerg] 1#1: "server" directive is not allowed here in /etc/nginx/nginx.conf:1
2022/05/07 16:59:59 [emerg] 1#1: "server" directive is not allowed here in /etc/nginx/nginx.conf:1
2022/05/07 17:00:01 [emerg] 1#1: "server" directive is not allowed here in /etc/nginx/nginx.conf:1
2022/05/07 17:00:05 [emerg] 1#1: "server" directive is not allowed here in /etc/nginx/nginx.conf:1
2022/05/07 17:00:11 [emerg] 1#1: "server" directive is not allowed here in /etc/nginx/nginx.conf:1
2022/05/07 17:00:24 [emerg] 1#1: "server" directive is not allowed here in /etc/nginx/nginx.conf:1
2022/05/07 17:01:00 [emerg] 1#1: unknown log format "main" in /etc/nginx/nginx.conf:12
2022/05/07 17:01:01 [emerg] 1#1: unknown log format "main" in /etc/nginx/nginx.conf:12
2022/05/07 17:01:01 [emerg] 1#1: unknown log format "main" in /etc/nginx/nginx.conf:12
2022/05/07 17:01:02 [emerg] 1#1: unknown log format "main" in /etc/nginx/nginx.conf:12
2022/05/07 17:01:03 [emerg] 1#1: unknown log format "main" in /etc/nginx/nginx.conf:12
2022/05/07 17:01:05 [emerg] 1#1: unknown log format "main" in /etc/nginx/nginx.conf:12
2022/05/07 17:01:08 [emerg] 1#1: unknown log format "main" in /etc/nginx/nginx.conf:12
2022/05/09 01:33:52 [error] 24#24: *4 directory index of "/var/www/" is forbidden, client: 188.39.0.1, server: localhost, request: "GET / HTTP/1.1", host: "localhost"
2022/05/09 01:33:56 [error] 24#24: *4 rewrite or internal redirection cycle while internally redirecting to "/index.html", client: 188.39.0.1, server: localhost, request: "GET /login HTTP/1.1", host: "localhost"
2022/05/09 01:33:56 [error] 24#24: *5 rewrite or internal redirection cycle while internally redirecting to "/index.html", client: 188.39.0.1, server: localhost, request: "GET /favicon.ico HTTP/1.1", host: "localhost", referrer: "https://localhost/login"
2022/05/09 01:34:05 [error] 24#24: *6 rewrite or internal redirection cycle while internally redirecting to "/index.html", client: 188.39.0.1, server: localhost, request: "GET /favicon.ico HTTP/1.1", host: "localhost"
2022/05/09 01:34:05 [error] 24#24: *7 rewrite or internal redirection cycle while internally redirecting to "/index.html", client: 188.39.0.1, server: localhost, request: "GET /favicon.ico HTTP/1.1", host: "localhost", referrer: "https://localhost/favicon.ico"
